2017-04-27 12:22:18,693 ERROR [errorlog] java.lang.Exception: Missing local file for [file:/C:/va_wss_dev/workspaces/R4M/wss-common-services-all/wss-common-services/src/main/resources/xsd/PersonService/PersonWebService.xsd]
java.lang.Exception: Missing local file for [file:/C:/va_wss_dev/workspaces/R4M/wss-common-services-all/wss-common-services/src/main/resources/xsd/PersonService/PersonWebService.xsd]
	at com.eviware.soapui.impl.support.definition.export.AbstractDefinitionExporter.replaceLocation(AbstractDefinitionExporter.java:212)
	at com.eviware.soapui.impl.support.definition.export.AbstractDefinitionExporter.replaceImportsAndIncludes(AbstractDefinitionExporter.java:184)
	at com.eviware.soapui.impl.support.definition.export.AbstractDefinitionExporter.createFilesForExport(AbstractDefinitionExporter.java:106)
	at com.eviware.soapui.impl.wsdl.mock.WsdlMockRunner.initWsdlCache(WsdlMockRunner.java:115)
	at com.eviware.soapui.impl.wsdl.mock.WsdlMockRunner.<init>(WsdlMockRunner.java:96)
	at com.eviware.soapui.impl.wsdl.mock.WsdlMockService.start(WsdlMockService.java:208)
	at com.eviware.soapui.impl.wsdl.mock.WsdlMockService.start(WsdlMockService.java:495)
	at com.eviware.soapui.tools.SoapUIMockServiceRunner.runMockService(SoapUIMockServiceRunner.java:201)
	at com.eviware.soapui.tools.SoapUIMockServiceRunner.runRunner(SoapUIMockServiceRunner.java:122)
	at com.eviware.soapui.tools.AbstractSoapUIRunner.run(AbstractSoapUIRunner.java:158)
	at com.eviware.soapui.maven2.MockServiceMojo.execute(MockServiceMojo.java:88)
	at org.apache.maven.plugin.DefaultBuildPluginManager.executeMojo(DefaultBuildPluginManager.java:134)
	at org.apache.maven.lifecycle.internal.MojoExecutor.execute(MojoExecutor.java:207)
	at org.apache.maven.lifecycle.internal.MojoExecutor.execute(MojoExecutor.java:153)
	at org.apache.maven.lifecycle.internal.MojoExecutor.execute(MojoExecutor.java:145)
	at org.apache.maven.lifecycle.internal.LifecycleModuleBuilder.buildProject(LifecycleModuleBuilder.java:116)
	at org.apache.maven.lifecycle.internal.LifecycleModuleBuilder.buildProject(LifecycleModuleBuilder.java:80)
	at org.apache.maven.lifecycle.internal.builder.singlethreaded.SingleThreadedBuilder.build(SingleThreadedBuilder.java:51)
	at org.apache.maven.lifecycle.internal.LifecycleStarter.execute(LifecycleStarter.java:128)
	at org.apache.maven.DefaultMaven.doExecute(DefaultMaven.java:307)
	at org.apache.maven.DefaultMaven.doExecute(DefaultMaven.java:193)
	at org.apache.maven.DefaultMaven.execute(DefaultMaven.java:106)
	at org.apache.maven.cli.MavenCli.execute(MavenCli.java:863)
	at org.apache.maven.cli.MavenCli.doMain(MavenCli.java:288)
	at org.apache.maven.cli.MavenCli.main(MavenCli.java:199)
	at sun.reflect.NativeMethodAccessorImpl.invoke0(Native Method)
	at sun.reflect.NativeMethodAccessorImpl.invoke(NativeMethodAccessorImpl.java:62)
	at sun.reflect.DelegatingMethodAccessorImpl.invoke(DelegatingMethodAccessorImpl.java:43)
	at java.lang.reflect.Method.invoke(Method.java:498)
	at org.codehaus.plexus.classworlds.launcher.Launcher.launchEnhanced(Launcher.java:289)
	at org.codehaus.plexus.classworlds.launcher.Launcher.launch(Launcher.java:229)
	at org.codehaus.plexus.classworlds.launcher.Launcher.mainWithExitCode(Launcher.java:415)
	at org.codehaus.plexus.classworlds.launcher.Launcher.main(Launcher.java:356)
2017-04-27 12:22:18,766 ERROR [errorlog] java.lang.Exception: Missing local file for [file:/C:/va_wss_dev/workspaces/R4M/wss-common-services-all/wss-common-services/src/main/resources/xsd/PersonService/PersonWebService.xsd]
java.lang.Exception: Missing local file for [file:/C:/va_wss_dev/workspaces/R4M/wss-common-services-all/wss-common-services/src/main/resources/xsd/PersonService/PersonWebService.xsd]
	at com.eviware.soapui.impl.support.definition.export.AbstractDefinitionExporter.replaceLocation(AbstractDefinitionExporter.java:212)
	at com.eviware.soapui.impl.support.definition.export.AbstractDefinitionExporter.replaceImportsAndIncludes(AbstractDefinitionExporter.java:184)
	at com.eviware.soapui.impl.support.definition.export.AbstractDefinitionExporter.createFilesForExport(AbstractDefinitionExporter.java:106)
	at com.eviware.soapui.impl.wsdl.mock.WsdlMockRunner.initWsdlCache(WsdlMockRunner.java:115)
	at com.eviware.soapui.impl.wsdl.mock.WsdlMockRunner.<init>(WsdlMockRunner.java:96)
	at com.eviware.soapui.impl.wsdl.mock.WsdlMockService.start(WsdlMockService.java:208)
	at com.eviware.soapui.impl.wsdl.mock.WsdlMockService.start(WsdlMockService.java:495)
	at com.eviware.soapui.tools.SoapUIMockServiceRunner.runMockService(SoapUIMockServiceRunner.java:201)
	at com.eviware.soapui.tools.SoapUIMockServiceRunner.runRunner(SoapUIMockServiceRunner.java:122)
	at com.eviware.soapui.tools.AbstractSoapUIRunner.run(AbstractSoapUIRunner.java:158)
	at com.eviware.soapui.maven2.MockServiceMojo.execute(MockServiceMojo.java:88)
	at org.apache.maven.plugin.DefaultBuildPluginManager.executeMojo(DefaultBuildPluginManager.java:134)
	at org.apache.maven.lifecycle.internal.MojoExecutor.execute(MojoExecutor.java:207)
	at org.apache.maven.lifecycle.internal.MojoExecutor.execute(MojoExecutor.java:153)
	at org.apache.maven.lifecycle.internal.MojoExecutor.execute(MojoExecutor.java:145)
	at org.apache.maven.lifecycle.internal.LifecycleModuleBuilder.buildProject(LifecycleModuleBuilder.java:116)
	at org.apache.maven.lifecycle.internal.LifecycleModuleBuilder.buildProject(LifecycleModuleBuilder.java:80)
	at org.apache.maven.lifecycle.internal.builder.singlethreaded.SingleThreadedBuilder.build(SingleThreadedBuilder.java:51)
	at org.apache.maven.lifecycle.internal.LifecycleStarter.execute(LifecycleStarter.java:128)
	at org.apache.maven.DefaultMaven.doExecute(DefaultMaven.java:307)
	at org.apache.maven.DefaultMaven.doExecute(DefaultMaven.java:193)
	at org.apache.maven.DefaultMaven.execute(DefaultMaven.java:106)
	at org.apache.maven.cli.MavenCli.execute(MavenCli.java:863)
	at org.apache.maven.cli.MavenCli.doMain(MavenCli.java:288)
	at org.apache.maven.cli.MavenCli.main(MavenCli.java:199)
	at sun.reflect.NativeMethodAccessorImpl.invoke0(Native Method)
	at sun.reflect.NativeMethodAccessorImpl.invoke(NativeMethodAccessorImpl.java:62)
	at sun.reflect.DelegatingMethodAccessorImpl.invoke(DelegatingMethodAccessorImpl.java:43)
	at java.lang.reflect.Method.invoke(Method.java:498)
	at org.codehaus.plexus.classworlds.launcher.Launcher.launchEnhanced(Launcher.java:289)
	at org.codehaus.plexus.classworlds.launcher.Launcher.launch(Launcher.java:229)
	at org.codehaus.plexus.classworlds.launcher.Launcher.mainWithExitCode(Launcher.java:415)
	at org.codehaus.plexus.classworlds.launcher.Launcher.main(Launcher.java:356)
2017-04-27 12:30:41,812 ERROR [errorlog] com.eviware.soapui.impl.support.definition.support.InvalidDefinitionException
com.eviware.soapui.impl.support.definition.support.InvalidDefinitionException
	at com.eviware.soapui.impl.wsdl.support.wsdl.WsdlInterfaceDefinition.load(WsdlInterfaceDefinition.java:56)
	at com.eviware.soapui.impl.wsdl.support.wsdl.WsdlContext.loadDefinition(WsdlContext.java:66)
	at com.eviware.soapui.impl.wsdl.support.wsdl.WsdlContext.loadDefinition(WsdlContext.java:30)
	at com.eviware.soapui.impl.support.definition.support.AbstractDefinitionContext.cacheDefinition(AbstractDefinitionContext.java:268)
	at com.eviware.soapui.impl.support.definition.support.AbstractDefinitionContext.access$400(AbstractDefinitionContext.java:44)
	at com.eviware.soapui.impl.support.definition.support.AbstractDefinitionContext$Loader.construct(AbstractDefinitionContext.java:235)
	at com.eviware.soapui.support.swing.SwingWorkerDelegator.construct(SwingWorkerDelegator.java:46)
	at com.eviware.soapui.support.swing.SwingWorker$2.run(SwingWorker.java:149)
	at java.lang.Thread.run(Thread.java:745)
2017-04-27 12:30:41,816 ERROR [errorlog] com.eviware.soapui.impl.support.definition.support.InvalidDefinitionException
com.eviware.soapui.impl.support.definition.support.InvalidDefinitionException
	at com.eviware.soapui.impl.wsdl.support.wsdl.WsdlInterfaceDefinition.load(WsdlInterfaceDefinition.java:56)
	at com.eviware.soapui.impl.wsdl.support.wsdl.WsdlContext.loadDefinition(WsdlContext.java:66)
	at com.eviware.soapui.impl.wsdl.support.wsdl.WsdlContext.loadDefinition(WsdlContext.java:30)
	at com.eviware.soapui.impl.support.definition.support.AbstractDefinitionContext.cacheDefinition(AbstractDefinitionContext.java:268)
	at com.eviware.soapui.impl.support.definition.support.AbstractDefinitionContext.access$400(AbstractDefinitionContext.java:44)
	at com.eviware.soapui.impl.support.definition.support.AbstractDefinitionContext$Loader.construct(AbstractDefinitionContext.java:235)
	at com.eviware.soapui.support.swing.SwingWorkerDelegator.construct(SwingWorkerDelegator.java:46)
	at com.eviware.soapui.support.swing.SwingWorker$2.run(SwingWorker.java:149)
	at java.lang.Thread.run(Thread.java:745)
2017-04-27 12:30:41,913 ERROR [errorlog] com.eviware.soapui.impl.support.definition.support.InvalidDefinitionException
com.eviware.soapui.impl.support.definition.support.InvalidDefinitionException
	at com.eviware.soapui.impl.wsdl.support.wsdl.WsdlInterfaceDefinition.load(WsdlInterfaceDefinition.java:56)
	at com.eviware.soapui.impl.wsdl.support.wsdl.WsdlContext.loadDefinition(WsdlContext.java:66)
	at com.eviware.soapui.impl.wsdl.support.wsdl.WsdlContext.loadDefinition(WsdlContext.java:30)
	at com.eviware.soapui.impl.support.definition.support.AbstractDefinitionContext.cacheDefinition(AbstractDefinitionContext.java:268)
	at com.eviware.soapui.impl.support.definition.support.AbstractDefinitionContext.access$400(AbstractDefinitionContext.java:44)
	at com.eviware.soapui.impl.support.definition.support.AbstractDefinitionContext$Loader.construct(AbstractDefinitionContext.java:235)
	at com.eviware.soapui.support.swing.SwingWorkerDelegator.construct(SwingWorkerDelegator.java:46)
	at com.eviware.soapui.support.swing.SwingWorker$2.run(SwingWorker.java:149)
	at java.lang.Thread.run(Thread.java:745)
2017-04-27 12:30:41,914 ERROR [errorlog] com.eviware.soapui.impl.support.definition.support.InvalidDefinitionException
com.eviware.soapui.impl.support.definition.support.InvalidDefinitionException
	at com.eviware.soapui.impl.wsdl.support.wsdl.WsdlInterfaceDefinition.load(WsdlInterfaceDefinition.java:56)
	at com.eviware.soapui.impl.wsdl.support.wsdl.WsdlContext.loadDefinition(WsdlContext.java:66)
	at com.eviware.soapui.impl.wsdl.support.wsdl.WsdlContext.loadDefinition(WsdlContext.java:30)
	at com.eviware.soapui.impl.support.definition.support.AbstractDefinitionContext.cacheDefinition(AbstractDefinitionContext.java:268)
	at com.eviware.soapui.impl.support.definition.support.AbstractDefinitionContext.access$400(AbstractDefinitionContext.java:44)
	at com.eviware.soapui.impl.support.definition.support.AbstractDefinitionContext$Loader.construct(AbstractDefinitionContext.java:235)
	at com.eviware.soapui.support.swing.SwingWorkerDelegator.construct(SwingWorkerDelegator.java:46)
	at com.eviware.soapui.support.swing.SwingWorker$2.run(SwingWorker.java:149)
	at java.lang.Thread.run(Thread.java:745)
