2017-04-27 12:31:47,039 WARN  [SoapUI] Missing folder [/Users/akulkarni/git/ascent-sample/./ext] for external libraries
2017-04-27 12:31:47,210 INFO  [DefaultSoapUICore] initialized soapui-settings from [/Users/akulkarni/soapui-settings.xml]
2017-04-27 12:31:47,791 INFO  [WsdlProject] Loaded project from [file:/Users/akulkarni/git/ascent-sample/ascent-demo-partner/src/test/resources/ascent-demo-partner-soapui-project.xml]
2017-04-27 12:31:47,791 WARN  [WsdlProject] Project 'ascent-demo-partner-mock-soapui-project' is from a newer version (5.3.0) of soapUI than this (4.5.1-SNAPSHOT) and parts of it may be incompatible or incorrect. Saving this project with this version of soapUI may cause it to function differently.
2017-04-27 12:31:48,011 INFO  [SoapUIMockServiceRunner] Running all MockServices in project [ascent-demo-partner-mock-soapui-project]
2017-04-27 12:31:48,012 INFO  [SoapUIMockServiceRunner] Press any key to terminate
2017-04-27 12:31:48,206 INFO  [SchemaUtils] Added default schema from file:/Users/akulkarni/.m2/repository/eviware/soapui/4.5.1/soapui-4.5.1.jar!/com/eviware/soapui/resources/xsds/xop.xsd with targetNamespace http://www.w3.org/2004/08/xop/include
2017-04-27 12:31:48,227 INFO  [SchemaUtils] Added default schema from file:/Users/akulkarni/.m2/repository/eviware/soapui/4.5.1/soapui-4.5.1.jar!/com/eviware/soapui/resources/xsds/XMLSchema.xsd with targetNamespace http://www.w3.org/2001/XMLSchema
2017-04-27 12:31:48,228 INFO  [SchemaUtils] Added default schema from file:/Users/akulkarni/.m2/repository/eviware/soapui/4.5.1/soapui-4.5.1.jar!/com/eviware/soapui/resources/xsds/xml.xsd with targetNamespace http://www.w3.org/XML/1998/namespace
2017-04-27 12:31:48,229 INFO  [SchemaUtils] Added default schema from file:/Users/akulkarni/.m2/repository/eviware/soapui/4.5.1/soapui-4.5.1.jar!/com/eviware/soapui/resources/xsds/swaref.xsd with targetNamespace http://ws-i.org/profiles/basic/1.1/xsd
2017-04-27 12:31:48,230 INFO  [SchemaUtils] Added default schema from file:/Users/akulkarni/.m2/repository/eviware/soapui/4.5.1/soapui-4.5.1.jar!/com/eviware/soapui/resources/xsds/xmime200505.xsd with targetNamespace http://www.w3.org/2005/05/xmlmime
2017-04-27 12:31:48,230 INFO  [SchemaUtils] Added default schema from file:/Users/akulkarni/.m2/repository/eviware/soapui/4.5.1/soapui-4.5.1.jar!/com/eviware/soapui/resources/xsds/xmime200411.xsd with targetNamespace http://www.w3.org/2004/11/xmlmime
2017-04-27 12:31:48,232 INFO  [SchemaUtils] Added default schema from file:/Users/akulkarni/.m2/repository/eviware/soapui/4.5.1/soapui-4.5.1.jar!/com/eviware/soapui/resources/xsds/soapEnvelope.xsd with targetNamespace http://schemas.xmlsoap.org/soap/envelope/
2017-04-27 12:31:48,236 INFO  [SchemaUtils] Added default schema from file:/Users/akulkarni/.m2/repository/eviware/soapui/4.5.1/soapui-4.5.1.jar!/com/eviware/soapui/resources/xsds/soapEncoding.xsd with targetNamespace http://schemas.xmlsoap.org/soap/encoding/
2017-04-27 12:31:48,237 INFO  [SchemaUtils] Added default schema from file:/Users/akulkarni/.m2/repository/eviware/soapui/4.5.1/soapui-4.5.1.jar!/com/eviware/soapui/resources/xsds/soapEnvelope12.xsd with targetNamespace http://www.w3.org/2003/05/soap-envelope
2017-04-27 12:31:48,239 INFO  [SchemaUtils] Added default schema from file:/Users/akulkarni/.m2/repository/eviware/soapui/4.5.1/soapui-4.5.1.jar!/com/eviware/soapui/resources/xsds/soapEncoding12.xsd with targetNamespace http://www.w3.org/2003/05/soap-encoding
2017-04-27 12:31:48,240 INFO  [SchemaUtils] Loading schema types from [file:\C:\va_wss_dev\workspaces\R4M\wss-common-services-all\wss-common-services\src\main\resources\xsd\PersonService\PersonWebService.wsdl]
2017-04-27 12:31:48,242 INFO  [SchemaUtils] Getting schema file:\C:\va_wss_dev\workspaces\R4M\wss-common-services-all\wss-common-services\src\main\resources\xsd\PersonService\PersonWebService.wsdl
2017-04-27 12:31:48,422 INFO  [WsdlMockRunner] Mounted WSDL for interface [PersonWebServicePortBinding] at [/mockPersonWebServicePortBinding?WSDL]
2017-04-27 12:31:48,437 INFO  [jetty] Logging to com.eviware.soapui.support.log.JettyLogger@692c8530 via com.eviware.soapui.support.log.JettyLogger
2017-04-27 12:31:48,458 INFO  [jetty] jetty-6.1.26
2017-04-27 12:31:48,485 INFO  [jetty] Started JettyMockEngine$SoapUIConnector@0.0.0.0:58540
2017-04-27 12:31:48,486 INFO  [JettyMockEngine] Started mockService [MockPersonWebService] on port [58540] at path [/mockPersonWebServicePortBinding]
2017-04-27 12:31:48,486 INFO  [SoapUIMockServiceRunner] MockService started on port 58540 at path [/mockPersonWebServicePortBinding]
2017-04-27 12:31:48,488 INFO  [jetty] Stopped JettyMockEngine$SoapUIConnector@0.0.0.0:58540
2017-04-27 12:31:48,490 INFO  [jetty] jetty-6.1.26
2017-04-27 12:31:48,490 INFO  [jetty] Started JettyMockEngine$SoapUIConnector@0.0.0.0:58540
2017-04-27 12:31:48,491 INFO  [jetty] Started JettyMockEngine$SoapUIConnector@0.0.0.0:9736
2017-04-27 12:31:48,491 INFO  [JettyMockEngine] Started mockService [MockService 2] on port [9736] at path [/]
2017-04-27 12:31:48,491 INFO  [SoapUIMockServiceRunner] MockService started on port 9736 at path [/]
2017-04-27 12:31:48,509 INFO  [WsdlMockRunner] Mounted WSDL for interface [PersonWebServicePortBinding] at [/mockPersonWebServicePortBinding?WSDL]
2017-04-27 12:31:48,509 INFO  [JettyMockEngine] Started mockService [PersonWebServicePortBinding MockService] on port [9736] at path [/mockPersonWebServicePortBinding]
2017-04-27 12:31:48,509 INFO  [SoapUIMockServiceRunner] MockService started on port 9736 at path [/mockPersonWebServicePortBinding]
2017-04-27 12:31:48,509 INFO  [SoapUIMockServiceRunner] Started 3 runners
2017-04-27 12:31:48,540 INFO  [SoapUIMockServiceRunner] time taken: 528ms
